2022-03-20 15:33:06,679 INFO [main] o.s.b.t.c.SpringBootTestContextBootstrapper [AbstractTestContextBootstrapper.java : 305] Neither @ContextConfiguration nor @ContextHierarchy found for test class [me.cuiyijie.joyeasharelenovo.JoyeaShareLenovoApplicationTests], using SpringBootContextLoader
2022-03-20 15:33:06,690 INFO [main] o.s.t.c.s.AbstractContextLoader [AbstractContextLoader.java : 264] Could not detect default resource locations for test class [me.cuiyijie.joyeasharelenovo.JoyeaShareLenovoApplicationTests]: no resource found for suffixes {-context.xml, Context.groovy}.
2022-03-20 15:33:06,691 INFO [main] o.s.t.c.s.AnnotationConfigContextLoaderUtils [AnnotationConfigContextLoaderUtils.java : 83] Could not detect default configuration classes for test class [me.cuiyijie.joyeasharelenovo.JoyeaShareLenovoApplicationTests]: JoyeaShareLenovoApplicationTests does not declare any static, non-private, non-final, nested classes annotated with @Configuration.
2022-03-20 15:33:06,882 INFO [main] o.s.b.t.c.SpringBootTestContextBootstrapper [SpringBootTestContextBootstrapper.java : 238] Found @SpringBootConfiguration me.cuiyijie.joyeasharelenovo.JoyeaShareLenovoApplication for test class me.cuiyijie.joyeasharelenovo.JoyeaShareLenovoApplicationTests
2022-03-20 15:33:07,055 INFO [main] o.s.b.t.c.SpringBootTestContextBootstrapper [AbstractTestContextBootstrapper.java : 245] Loaded default TestExecutionListener class names from location [META-INF/spring.factories]: [org.springframework.boot.test.mock.mockito.MockitoTestExecutionListener, org.springframework.boot.test.mock.mockito.ResetMocksTestExecutionListener, org.springframework.boot.test.autoconfigure.restdocs.RestDocsTestExecutionListener, org.springframework.boot.test.autoconfigure.web.client.MockRestServiceServerResetTestExecutionListener, org.springframework.boot.test.autoconfigure.web.servlet.MockMvcPrintOnlyOnFailureTestExecutionListener, org.springframework.boot.test.autoconfigure.web.servlet.WebDriverTestExecutionListener, org.springframework.boot.test.autoconfigure.webservices.client.MockWebServiceServerTestExecutionListener, org.springframework.test.context.web.ServletTestExecutionListener, org.springframework.test.context.support.DirtiesContextBeforeModesTestExecutionListener, org.springframework.test.context.event.ApplicationEventsTestExecutionListener, org.springframework.test.context.support.DependencyInjectionTestExecutionListener, org.springframework.test.context.support.DirtiesContextTestExecutionListener, org.springframework.test.context.transaction.TransactionalTestExecutionListener, org.springframework.test.context.jdbc.SqlScriptsTestExecutionListener, org.springframework.test.context.event.EventPublishingTestExecutionListener]
2022-03-20 15:33:07,087 INFO [main] o.s.b.t.c.SpringBootTestContextBootstrapper [AbstractTestContextBootstrapper.java : 174] Using TestExecutionListeners: [org.springframework.test.context.web.ServletTestExecutionListener@db44aa2, org.springframework.test.context.support.DirtiesContextBeforeModesTestExecutionListener@2de366bb, org.springframework.test.context.event.ApplicationEventsTestExecutionListener@3f093abe, org.springframework.boot.test.mock.mockito.MockitoTestExecutionListener@61a002b1, org.springframework.boot.test.autoconfigure.SpringBootDependencyInjectionTestExecutionListener@4eeea57d, org.springframework.test.context.support.DirtiesContextTestExecutionListener@780ec4a5, org.springframework.test.context.transaction.TransactionalTestExecutionListener@e24ddd0, org.springframework.test.context.jdbc.SqlScriptsTestExecutionListener@6f70f32f, org.springframework.test.context.event.EventPublishingTestExecutionListener@548e76f1, org.springframework.boot.test.mock.mockito.ResetMocksTestExecutionListener@5aabbb29, org.springframework.boot.test.autoconfigure.restdocs.RestDocsTestExecutionListener@72c927f1, org.springframework.boot.test.autoconfigure.web.client.MockRestServiceServerResetTestExecutionListener@1ac85b0c, org.springframework.boot.test.autoconfigure.web.servlet.MockMvcPrintOnlyOnFailureTestExecutionListener@3dd69f5a, org.springframework.boot.test.autoconfigure.web.servlet.WebDriverTestExecutionListener@3aa3193a, org.springframework.boot.test.autoconfigure.webservices.client.MockWebServiceServerTestExecutionListener@1ee4730]
2022-03-20 15:33:07,705 INFO [main] m.c.j.JoyeaShareLenovoApplicationTests [StartupInfoLogger.java : 55] Starting JoyeaShareLenovoApplicationTests using Java 1.8.0_291 on cuiyijie with PID 31728 (started by cuiyijie in D:\joyea\joyea-share-lenovo\joyea-share-gateway)
2022-03-20 15:33:07,706 INFO [main] m.c.j.JoyeaShareLenovoApplicationTests [SpringApplication.java : 635] No active profile set, falling back to default profiles: default
2022-03-20 15:33:10,317 INFO [main] com.zaxxer.hikari.HikariDataSource [HikariDataSource.java : 110] HikariPool-1 - Starting...
2022-03-20 15:33:10,679 INFO [main] com.zaxxer.hikari.HikariDataSource [HikariDataSource.java : 123] HikariPool-1 - Start completed.
2022-03-20 15:33:11,029 INFO [main] m.c.j.config.XxlJobConfig [XxlJobConfig.java : 45] >>>>>>>>>>> xxl-job config init.
2022-03-20 15:33:12,915 INFO [main] c.x.job.core.executor.XxlJobExecutor [XxlJobExecutor.java : 181] >>>>>>>>>>> xxl-job register jobhandler success, name:demoJobHandler2, jobHandler:com.xxl.job.core.handler.impl.MethodJobHandler@64dfb31d[class me.cuiyijie.joyeasharelenovo.xxljobhandler.SampleXxlJob#demoJobHandler2]
2022-03-20 15:33:12,916 INFO [main] c.x.job.core.executor.XxlJobExecutor [XxlJobExecutor.java : 181] >>>>>>>>>>> xxl-job register jobhandler success, name:httpJobHandler, jobHandler:com.xxl.job.core.handler.impl.MethodJobHandler@4438b862[class me.cuiyijie.joyeasharelenovo.xxljobhandler.SampleXxlJob#httpJobHandler]
2022-03-20 15:33:12,916 INFO [main] c.x.job.core.executor.XxlJobExecutor [XxlJobExecutor.java : 181] >>>>>>>>>>> xxl-job register jobhandler success, name:demoJobHandler, jobHandler:com.xxl.job.core.handler.impl.MethodJobHandler@17b6ad97[class me.cuiyijie.joyeasharelenovo.xxljobhandler.SampleXxlJob#demoJobHandler]
2022-03-20 15:33:12,917 INFO [main] c.x.job.core.executor.XxlJobExecutor [XxlJobExecutor.java : 181] >>>>>>>>>>> xxl-job register jobhandler success, name:shardingJobHandler, jobHandler:com.xxl.job.core.handler.impl.MethodJobHandler@44fb6ebd[class me.cuiyijie.joyeasharelenovo.xxljobhandler.SampleXxlJob#shardingJobHandler]
2022-03-20 15:33:12,917 INFO [main] c.x.job.core.executor.XxlJobExecutor [XxlJobExecutor.java : 181] >>>>>>>>>>> xxl-job register jobhandler success, name:commandJobHandler, jobHandler:com.xxl.job.core.handler.impl.MethodJobHandler@5da57a64[class me.cuiyijie.joyeasharelenovo.xxljobhandler.SampleXxlJob#commandJobHandler]
2022-03-20 15:33:13,057 WARN [main] c.x.job.core.executor.XxlJobExecutor [XxlJobExecutor.java : 155] >>>>>>>>>>> xxl-job accessToken is empty. To ensure system security, please set the accessToken.
2022-03-20 15:33:13,111 INFO [main] m.c.j.JoyeaShareLenovoApplicationTests [StartupInfoLogger.java : 61] Started JoyeaShareLenovoApplicationTests in 5.937 seconds (JVM running for 9.865)
2022-03-20 15:33:15,051 INFO [Thread-6] com.xxl.job.core.server.EmbedServer [EmbedServer.java : 86] >>>>>>>>>>> xxl-job remoting server start success, nettype = class com.xxl.job.core.server.EmbedServer, port = 9999
2022-03-20 15:33:16,312 INFO [Thread-6] com.xxl.job.core.server.EmbedServer [EmbedServer.java : 96] >>>>>>>>>>> xxl-job remoting server stop.
2022-03-20 15:33:17,123 ERROR [xxl-job, executor ExecutorRegistryThread] c.x.job.core.util.XxlJobRemotingUtil [XxlJobRemotingUtil.java : 142] Connection refused: connect
java.net.ConnectException: Connection refused: connect
	at java.net.DualStackPlainSocketImpl.waitForConnect(Native Method)
	at java.net.DualStackPlainSocketImpl.socketConnect(DualStackPlainSocketImpl.java:81)
	at java.net.AbstractPlainSocketImpl.doConnect(AbstractPlainSocketImpl.java:476)
	at java.net.AbstractPlainSocketImpl.connectToAddress(AbstractPlainSocketImpl.java:218)
	at java.net.AbstractPlainSocketImpl.connect(AbstractPlainSocketImpl.java:200)
	at java.net.PlainSocketImpl.connect(PlainSocketImpl.java:162)
	at java.net.SocksSocketImpl.connect(SocksSocketImpl.java:394)
	at java.net.Socket.connect(Socket.java:606)
	at sun.net.NetworkClient.doConnect(NetworkClient.java:175)
	at sun.net.www.http.HttpClient.openServer(HttpClient.java:463)
	at sun.net.www.http.HttpClient.openServer(HttpClient.java:558)
	at sun.net.www.http.HttpClient.<init>(HttpClient.java:242)
	at sun.net.www.http.HttpClient.New(HttpClient.java:339)
	at sun.net.www.http.HttpClient.New(HttpClient.java:357)
	at sun.net.www.protocol.http.HttpURLConnection.getNewHttpClient(HttpURLConnection.java:1226)
	at sun.net.www.protocol.http.HttpURLConnection.plainConnect0(HttpURLConnection.java:1162)
	at sun.net.www.protocol.http.HttpURLConnection.plainConnect(HttpURLConnection.java:1056)
	at sun.net.www.protocol.http.HttpURLConnection.connect(HttpURLConnection.java:990)
	at com.xxl.job.core.util.XxlJobRemotingUtil.postBody(XxlJobRemotingUtil.java:98)
	at com.xxl.job.core.biz.client.AdminBizClient.registry(AdminBizClient.java:42)
	at com.xxl.job.core.thread.ExecutorRegistryThread$1.run(ExecutorRegistryThread.java:48)
	at java.lang.Thread.run(Thread.java:748)
2022-03-20 15:33:17,124 INFO [xxl-job, executor ExecutorRegistryThread] c.x.j.c.t.ExecutorRegistryThread [ExecutorRegistryThread.java : 54] >>>>>>>>>>> xxl-job registry fail, registryParam:RegistryParam{registryGroup='EXECUTOR', registryKey='xxl-job-executor-sample', registryValue='http://192.168.0.134:9999/'}, registryResult:ReturnT [code=500, msg=xxl-job remoting error(Connection refused: connect), for url : http://127.0.0.1:8080/xxl-job-admin/api/registry, content=null]
2022-03-20 15:33:19,156 ERROR [xxl-job, executor ExecutorRegistryThread] c.x.job.core.util.XxlJobRemotingUtil [XxlJobRemotingUtil.java : 142] Connection refused: connect
java.net.ConnectException: Connection refused: connect
	at java.net.DualStackPlainSocketImpl.waitForConnect(Native Method)
	at java.net.DualStackPlainSocketImpl.socketConnect(DualStackPlainSocketImpl.java:81)
	at java.net.AbstractPlainSocketImpl.doConnect(AbstractPlainSocketImpl.java:476)
	at java.net.AbstractPlainSocketImpl.connectToAddress(AbstractPlainSocketImpl.java:218)
	at java.net.AbstractPlainSocketImpl.connect(AbstractPlainSocketImpl.java:200)
	at java.net.PlainSocketImpl.connect(PlainSocketImpl.java:162)
	at java.net.SocksSocketImpl.connect(SocksSocketImpl.java:394)
	at java.net.Socket.connect(Socket.java:606)
	at sun.net.NetworkClient.doConnect(NetworkClient.java:175)
	at sun.net.www.http.HttpClient.openServer(HttpClient.java:463)
	at sun.net.www.http.HttpClient.openServer(HttpClient.java:558)
	at sun.net.www.http.HttpClient.<init>(HttpClient.java:242)
	at sun.net.www.http.HttpClient.New(HttpClient.java:339)
	at sun.net.www.http.HttpClient.New(HttpClient.java:357)
	at sun.net.www.protocol.http.HttpURLConnection.getNewHttpClient(HttpURLConnection.java:1226)
	at sun.net.www.protocol.http.HttpURLConnection.plainConnect0(HttpURLConnection.java:1162)
	at sun.net.www.protocol.http.HttpURLConnection.plainConnect(HttpURLConnection.java:1056)
	at sun.net.www.protocol.http.HttpURLConnection.connect(HttpURLConnection.java:990)
	at com.xxl.job.core.util.XxlJobRemotingUtil.postBody(XxlJobRemotingUtil.java:98)
	at com.xxl.job.core.biz.client.AdminBizClient.registryRemove(AdminBizClient.java:47)
	at com.xxl.job.core.thread.ExecutorRegistryThread$1.run(ExecutorRegistryThread.java:84)
	at java.lang.Thread.run(Thread.java:748)
2022-03-20 15:33:19,157 INFO [xxl-job, executor ExecutorRegistryThread] c.x.j.c.t.ExecutorRegistryThread [ExecutorRegistryThread.java : 90] >>>>>>>>>>> xxl-job registry-remove fail, registryParam:RegistryParam{registryGroup='EXECUTOR', registryKey='xxl-job-executor-sample', registryValue='http://192.168.0.134:9999/'}, registryResult:ReturnT [code=500, msg=xxl-job remoting error(Connection refused: connect), for url : http://127.0.0.1:8080/xxl-job-admin/api/registryRemove, content=null]
2022-03-20 15:33:19,157 INFO [xxl-job, executor ExecutorRegistryThread] c.x.j.c.t.ExecutorRegistryThread [ExecutorRegistryThread.java : 105] >>>>>>>>>>> xxl-job, executor registry thread destroy.
2022-03-20 15:33:19,157 INFO [SpringApplicationShutdownHook] com.xxl.job.core.server.EmbedServer [EmbedServer.java : 125] >>>>>>>>>>> xxl-job remoting server destroy success.
2022-03-20 15:33:19,158 INFO [xxl-job, executor JobLogFileCleanThread] c.x.j.c.thread.JobLogFileCleanThread [JobLogFileCleanThread.java : 99] >>>>>>>>>>> xxl-job, executor JobLogFileCleanThread thread destroy.
2022-03-20 15:33:19,159 INFO [xxl-job, executor TriggerCallbackThread] c.x.j.c.thread.TriggerCallbackThread [TriggerCallbackThread.java : 98] >>>>>>>>>>> xxl-job, executor callback thread destroy.
2022-03-20 15:33:19,159 INFO [Thread-5] c.x.j.c.thread.TriggerCallbackThread [TriggerCallbackThread.java : 128] >>>>>>>>>>> xxl-job, executor retry callback thread destroy.
2022-03-20 15:33:19,160 INFO [SpringApplicationShutdownHook] com.zaxxer.hikari.HikariDataSource [HikariDataSource.java : 350] HikariPool-1 - Shutdown initiated...
2022-03-20 15:33:19,169 INFO [SpringApplicationShutdownHook] com.zaxxer.hikari.HikariDataSource [HikariDataSource.java : 352] HikariPool-1 - Shutdown completed.
2022-03-20 15:34:24,599 INFO [main] o.s.b.t.c.SpringBootTestContextBootstrapper [AbstractTestContextBootstrapper.java : 305] Neither @ContextConfiguration nor @ContextHierarchy found for test class [me.cuiyijie.joyeasharelenovo.JoyeaShareLenovoApplicationTests], using SpringBootContextLoader
2022-03-20 15:34:24,634 INFO [main] o.s.t.c.s.AbstractContextLoader [AbstractContextLoader.java : 264] Could not detect default resource locations for test class [me.cuiyijie.joyeasharelenovo.JoyeaShareLenovoApplicationTests]: no resource found for suffixes {-context.xml, Context.groovy}.
2022-03-20 15:34:24,636 INFO [main] o.s.t.c.s.AnnotationConfigContextLoaderUtils [AnnotationConfigContextLoaderUtils.java : 83] Could not detect default configuration classes for test class [me.cuiyijie.joyeasharelenovo.JoyeaShareLenovoApplicationTests]: JoyeaShareLenovoApplicationTests does not declare any static, non-private, non-final, nested classes annotated with @Configuration.
2022-03-20 15:34:25,020 INFO [main] o.s.b.t.c.SpringBootTestContextBootstrapper [SpringBootTestContextBootstrapper.java : 238] Found @SpringBootConfiguration me.cuiyijie.joyeasharelenovo.JoyeaShareLenovoApplication for test class me.cuiyijie.joyeasharelenovo.JoyeaShareLenovoApplicationTests
2022-03-20 15:34:25,259 INFO [main] o.s.b.t.c.SpringBootTestContextBootstrapper [AbstractTestContextBootstrapper.java : 245] Loaded default TestExecutionListener class names from location [META-INF/spring.factories]: [org.springframework.boot.test.mock.mockito.MockitoTestExecutionListener, org.springframework.boot.test.mock.mockito.ResetMocksTestExecutionListener, org.springframework.boot.test.autoconfigure.restdocs.RestDocsTestExecutionListener, org.springframework.boot.test.autoconfigure.web.client.MockRestServiceServerResetTestExecutionListener, org.springframework.boot.test.autoconfigure.web.servlet.MockMvcPrintOnlyOnFailureTestExecutionListener, org.springframework.boot.test.autoconfigure.web.servlet.WebDriverTestExecutionListener, org.springframework.boot.test.autoconfigure.webservices.client.MockWebServiceServerTestExecutionListener, org.springframework.test.context.web.ServletTestExecutionListener, org.springframework.test.context.support.DirtiesContextBeforeModesTestExecutionListener, org.springframework.test.context.event.ApplicationEventsTestExecutionListener, org.springframework.test.context.support.DependencyInjectionTestExecutionListener, org.springframework.test.context.support.DirtiesContextTestExecutionListener, org.springframework.test.context.transaction.TransactionalTestExecutionListener, org.springframework.test.context.jdbc.SqlScriptsTestExecutionListener, org.springframework.test.context.event.EventPublishingTestExecutionListener]
2022-03-20 15:34:25,296 INFO [main] o.s.b.t.c.SpringBootTestContextBootstrapper [AbstractTestContextBootstrapper.java : 174] Using TestExecutionListeners: [org.springframework.test.context.web.ServletTestExecutionListener@db44aa2, org.springframework.test.context.support.DirtiesContextBeforeModesTestExecutionListener@2de366bb, org.springframework.test.context.event.ApplicationEventsTestExecutionListener@3f093abe, org.springframework.boot.test.mock.mockito.MockitoTestExecutionListener@61a002b1, org.springframework.boot.test.autoconfigure.SpringBootDependencyInjectionTestExecutionListener@4eeea57d, org.springframework.test.context.support.DirtiesContextTestExecutionListener@780ec4a5, org.springframework.test.context.transaction.TransactionalTestExecutionListener@e24ddd0, org.springframework.test.context.jdbc.SqlScriptsTestExecutionListener@6f70f32f, org.springframework.test.context.event.EventPublishingTestExecutionListener@548e76f1, org.springframework.boot.test.mock.mockito.ResetMocksTestExecutionListener@5aabbb29, org.springframework.boot.test.autoconfigure.restdocs.RestDocsTestExecutionListener@72c927f1, org.springframework.boot.test.autoconfigure.web.client.MockRestServiceServerResetTestExecutionListener@1ac85b0c, org.springframework.boot.test.autoconfigure.web.servlet.MockMvcPrintOnlyOnFailureTestExecutionListener@3dd69f5a, org.springframework.boot.test.autoconfigure.web.servlet.WebDriverTestExecutionListener@3aa3193a, org.springframework.boot.test.autoconfigure.webservices.client.MockWebServiceServerTestExecutionListener@1ee4730]
2022-03-20 15:34:25,756 INFO [main] m.c.j.JoyeaShareLenovoApplicationTests [StartupInfoLogger.java : 55] Starting JoyeaShareLenovoApplicationTests using Java 1.8.0_291 on cuiyijie with PID 14776 (started by cuiyijie in D:\joyea\joyea-share-lenovo\joyea-share-gateway)
2022-03-20 15:34:25,757 INFO [main] m.c.j.JoyeaShareLenovoApplicationTests [SpringApplication.java : 635] No active profile set, falling back to default profiles: default
2022-03-20 15:34:27,731 INFO [main] com.zaxxer.hikari.HikariDataSource [HikariDataSource.java : 110] HikariPool-1 - Starting...
2022-03-20 15:34:28,067 INFO [main] com.zaxxer.hikari.HikariDataSource [HikariDataSource.java : 123] HikariPool-1 - Start completed.
2022-03-20 15:34:28,508 INFO [main] m.c.j.config.XxlJobConfig [XxlJobConfig.java : 45] >>>>>>>>>>> xxl-job config init.
2022-03-20 15:34:30,325 INFO [main] c.x.job.core.executor.XxlJobExecutor [XxlJobExecutor.java : 181] >>>>>>>>>>> xxl-job register jobhandler success, name:commandJobHandler, jobHandler:com.xxl.job.core.handler.impl.MethodJobHandler@1a10c47e[class me.cuiyijie.joyeasharelenovo.xxljobhandler.SampleXxlJob#commandJobHandler]
2022-03-20 15:34:30,326 INFO [main] c.x.job.core.executor.XxlJobExecutor [XxlJobExecutor.java : 181] >>>>>>>>>>> xxl-job register jobhandler success, name:shardingJobHandler, jobHandler:com.xxl.job.core.handler.impl.MethodJobHandler@d49e8c6[class me.cuiyijie.joyeasharelenovo.xxljobhandler.SampleXxlJob#shardingJobHandler]
2022-03-20 15:34:30,328 INFO [main] c.x.job.core.executor.XxlJobExecutor [XxlJobExecutor.java : 181] >>>>>>>>>>> xxl-job register jobhandler success, name:httpJobHandler, jobHandler:com.xxl.job.core.handler.impl.MethodJobHandler@2712e8f4[class me.cuiyijie.joyeasharelenovo.xxljobhandler.SampleXxlJob#httpJobHandler]
2022-03-20 15:34:30,331 INFO [main] c.x.job.core.executor.XxlJobExecutor [XxlJobExecutor.java : 181] >>>>>>>>>>> xxl-job register jobhandler success, name:demoJobHandler2, jobHandler:com.xxl.job.core.handler.impl.MethodJobHandler@5896cb9c[class me.cuiyijie.joyeasharelenovo.xxljobhandler.SampleXxlJob#demoJobHandler2]
2022-03-20 15:34:30,331 INFO [main] c.x.job.core.executor.XxlJobExecutor [XxlJobExecutor.java : 181] >>>>>>>>>>> xxl-job register jobhandler success, name:demoJobHandler, jobHandler:com.xxl.job.core.handler.impl.MethodJobHandler@44b9c7c4[class me.cuiyijie.joyeasharelenovo.xxljobhandler.SampleXxlJob#demoJobHandler]
2022-03-20 15:34:30,519 WARN [main] c.x.job.core.executor.XxlJobExecutor [XxlJobExecutor.java : 155] >>>>>>>>>>> xxl-job accessToken is empty. To ensure system security, please set the accessToken.
2022-03-20 15:34:30,563 INFO [main] m.c.j.JoyeaShareLenovoApplicationTests [StartupInfoLogger.java : 61] Started JoyeaShareLenovoApplicationTests in 5.174 seconds (JVM running for 7.894)
2022-03-20 15:34:32,914 INFO [Thread-6] com.xxl.job.core.server.EmbedServer [EmbedServer.java : 86] >>>>>>>>>>> xxl-job remoting server start success, nettype = class com.xxl.job.core.server.EmbedServer, port = 9999
2022-03-20 15:34:33,718 INFO [Thread-6] com.xxl.job.core.server.EmbedServer [EmbedServer.java : 96] >>>>>>>>>>> xxl-job remoting server stop.
2022-03-20 15:34:34,967 ERROR [xxl-job, executor ExecutorRegistryThread] c.x.job.core.util.XxlJobRemotingUtil [XxlJobRemotingUtil.java : 142] Connection refused: connect
java.net.ConnectException: Connection refused: connect
	at java.net.DualStackPlainSocketImpl.waitForConnect(Native Method)
	at java.net.DualStackPlainSocketImpl.socketConnect(DualStackPlainSocketImpl.java:81)
	at java.net.AbstractPlainSocketImpl.doConnect(AbstractPlainSocketImpl.java:476)
	at java.net.AbstractPlainSocketImpl.connectToAddress(AbstractPlainSocketImpl.java:218)
	at java.net.AbstractPlainSocketImpl.connect(AbstractPlainSocketImpl.java:200)
	at java.net.PlainSocketImpl.connect(PlainSocketImpl.java:162)
	at java.net.SocksSocketImpl.connect(SocksSocketImpl.java:394)
	at java.net.Socket.connect(Socket.java:606)
	at sun.net.NetworkClient.doConnect(NetworkClient.java:175)
	at sun.net.www.http.HttpClient.openServer(HttpClient.java:463)
	at sun.net.www.http.HttpClient.openServer(HttpClient.java:558)
	at sun.net.www.http.HttpClient.<init>(HttpClient.java:242)
	at sun.net.www.http.HttpClient.New(HttpClient.java:339)
	at sun.net.www.http.HttpClient.New(HttpClient.java:357)
	at sun.net.www.protocol.http.HttpURLConnection.getNewHttpClient(HttpURLConnection.java:1226)
	at sun.net.www.protocol.http.HttpURLConnection.plainConnect0(HttpURLConnection.java:1162)
	at sun.net.www.protocol.http.HttpURLConnection.plainConnect(HttpURLConnection.java:1056)
	at sun.net.www.protocol.http.HttpURLConnection.connect(HttpURLConnection.java:990)
	at com.xxl.job.core.util.XxlJobRemotingUtil.postBody(XxlJobRemotingUtil.java:98)
	at com.xxl.job.core.biz.client.AdminBizClient.registry(AdminBizClient.java:42)
	at com.xxl.job.core.thread.ExecutorRegistryThread$1.run(ExecutorRegistryThread.java:48)
	at java.lang.Thread.run(Thread.java:748)
2022-03-20 15:34:34,968 INFO [xxl-job, executor ExecutorRegistryThread] c.x.j.c.t.ExecutorRegistryThread [ExecutorRegistryThread.java : 54] >>>>>>>>>>> xxl-job registry fail, registryParam:RegistryParam{registryGroup='EXECUTOR', registryKey='xxl-job-executor-sample', registryValue='http://192.168.0.134:9999/'}, registryResult:ReturnT [code=500, msg=xxl-job remoting error(Connection refused: connect), for url : http://127.0.0.1:8080/xxl-job-admin/api/registry, content=null]
2022-03-20 15:34:37,019 ERROR [xxl-job, executor ExecutorRegistryThread] c.x.job.core.util.XxlJobRemotingUtil [XxlJobRemotingUtil.java : 142] Connection refused: connect
java.net.ConnectException: Connection refused: connect
	at java.net.DualStackPlainSocketImpl.waitForConnect(Native Method)
	at java.net.DualStackPlainSocketImpl.socketConnect(DualStackPlainSocketImpl.java:81)
	at java.net.AbstractPlainSocketImpl.doConnect(AbstractPlainSocketImpl.java:476)
	at java.net.AbstractPlainSocketImpl.connectToAddress(AbstractPlainSocketImpl.java:218)
	at java.net.AbstractPlainSocketImpl.connect(AbstractPlainSocketImpl.java:200)
	at java.net.PlainSocketImpl.connect(PlainSocketImpl.java:162)
	at java.net.SocksSocketImpl.connect(SocksSocketImpl.java:394)
	at java.net.Socket.connect(Socket.java:606)
	at sun.net.NetworkClient.doConnect(NetworkClient.java:175)
	at sun.net.www.http.HttpClient.openServer(HttpClient.java:463)
	at sun.net.www.http.HttpClient.openServer(HttpClient.java:558)
	at sun.net.www.http.HttpClient.<init>(HttpClient.java:242)
	at sun.net.www.http.HttpClient.New(HttpClient.java:339)
	at sun.net.www.http.HttpClient.New(HttpClient.java:357)
	at sun.net.www.protocol.http.HttpURLConnection.getNewHttpClient(HttpURLConnection.java:1226)
	at sun.net.www.protocol.http.HttpURLConnection.plainConnect0(HttpURLConnection.java:1162)
	at sun.net.www.protocol.http.HttpURLConnection.plainConnect(HttpURLConnection.java:1056)
	at sun.net.www.protocol.http.HttpURLConnection.connect(HttpURLConnection.java:990)
	at com.xxl.job.core.util.XxlJobRemotingUtil.postBody(XxlJobRemotingUtil.java:98)
	at com.xxl.job.core.biz.client.AdminBizClient.registryRemove(AdminBizClient.java:47)
	at com.xxl.job.core.thread.ExecutorRegistryThread$1.run(ExecutorRegistryThread.java:84)
	at java.lang.Thread.run(Thread.java:748)
2022-03-20 15:34:37,020 INFO [xxl-job, executor ExecutorRegistryThread] c.x.j.c.t.ExecutorRegistryThread [ExecutorRegistryThread.java : 90] >>>>>>>>>>> xxl-job registry-remove fail, registryParam:RegistryParam{registryGroup='EXECUTOR', registryKey='xxl-job-executor-sample', registryValue='http://192.168.0.134:9999/'}, registryResult:ReturnT [code=500, msg=xxl-job remoting error(Connection refused: connect), for url : http://127.0.0.1:8080/xxl-job-admin/api/registryRemove, content=null]
2022-03-20 15:34:37,020 INFO [xxl-job, executor ExecutorRegistryThread] c.x.j.c.t.ExecutorRegistryThread [ExecutorRegistryThread.java : 105] >>>>>>>>>>> xxl-job, executor registry thread destroy.
2022-03-20 15:34:37,020 INFO [SpringApplicationShutdownHook] com.xxl.job.core.server.EmbedServer [EmbedServer.java : 125] >>>>>>>>>>> xxl-job remoting server destroy success.
2022-03-20 15:34:37,020 INFO [xxl-job, executor JobLogFileCleanThread] c.x.j.c.thread.JobLogFileCleanThread [JobLogFileCleanThread.java : 99] >>>>>>>>>>> xxl-job, executor JobLogFileCleanThread thread destroy.
2022-03-20 15:34:37,021 INFO [xxl-job, executor TriggerCallbackThread] c.x.j.c.thread.TriggerCallbackThread [TriggerCallbackThread.java : 98] >>>>>>>>>>> xxl-job, executor callback thread destroy.
2022-03-20 15:34:37,021 INFO [Thread-5] c.x.j.c.thread.TriggerCallbackThread [TriggerCallbackThread.java : 128] >>>>>>>>>>> xxl-job, executor retry callback thread destroy.
2022-03-20 15:34:37,022 INFO [SpringApplicationShutdownHook] com.zaxxer.hikari.HikariDataSource [HikariDataSource.java : 350] HikariPool-1 - Shutdown initiated...
2022-03-20 15:34:37,031 INFO [SpringApplicationShutdownHook] com.zaxxer.hikari.HikariDataSource [HikariDataSource.java : 352] HikariPool-1 - Shutdown completed.
